#################################################################################
# Design Stage: PostRoute
# Design Name: seq
# Design Mode: 45nm
# Analysis Mode: MMMC OCV 
# Parasitics Mode: No SPEF/RCDB
# Signoff Settings: SI Off 
#################################################################################
Extraction called for design 'seq' of instances=972 and nets=1015 using extraction engine 'preRoute' .
PreRoute RC Extraction called for design seq.
RC Extraction called in multi-corner(1) mode.
**WARN: (IMPEXT-6197):	The Cap table file is not specified. This will result in lower parasitic accuracy when using preRoute extraction or postRoute extraction with effort level 'low'. It is recommended to generate the Cap table file using the 'generateCapTbl' command and specify it before extraction using 'create_rc_corner/update_rc_corner -cap_table'.
Type 'man IMPEXT-6197' for more detail.
RCMode: PreRoute
      RC Corner Indexes            0   
Capacitance Scaling Factor   : 1.00000 
Resistance Scaling Factor    : 1.00000 
Clock Cap. Scaling Factor    : 1.00000 
Clock Res. Scaling Factor    : 1.00000 
Shrink Factor                : 1.00000
PreRoute extraction is honoring NDR/Shielding/ExtraSpace for clock nets.
Updating RC grid for preRoute extraction ...
Initializing multi-corner resistance tables ...
PreRoute RC Extraction DONE (CPU Time: 0:00:00.0  Real Time: 0:00:00.0  MEM: 925.770M)
Calculate early delays in OCV mode...
Calculate late delays in OCV mode...
Total number of fetched objects 1013
AAE_INFO: Total number of nets for which stage creation was skipped for all views 0
End delay calculation. (MEM=998.406 CPU=0:00:00.3 REAL=0:00:00.0)

Begin Power Analysis

    0.00V	    VSS
    0.95V	    VDD

Begin Processing Timing Library for Power Calculation

Begin Processing Timing Library for Power Calculation



Begin Processing Power Net/Grid for Power Calculation

Ended Processing Power Net/Grid for Power Calculation: (cpu=0:00:00, real=0:00:00, mem(process/total)=766.83MB/766.83MB)

Begin Processing Timing Window Data for Power Calculation

Ended Processing Timing Window Data for Power Calculation: (cpu=0:00:00, real=0:00:00, mem(process/total)=766.84MB/766.84MB)

Begin Processing User Attributes

Ended Processing User Attributes: (cpu=0:00:00, real=0:00:00, mem(process/total)=766.85MB/766.85MB)

Begin Processing Signal Activity


Starting Levelizing
2018-Mar-01 12:42:04 (2018-Mar-01 08:42:04 GMT)
2018-Mar-01 12:42:04 (2018-Mar-01 08:42:04 GMT): 10%
2018-Mar-01 12:42:04 (2018-Mar-01 08:42:04 GMT): 20%
2018-Mar-01 12:42:04 (2018-Mar-01 08:42:04 GMT): 30%
2018-Mar-01 12:42:04 (2018-Mar-01 08:42:04 GMT): 40%
2018-Mar-01 12:42:04 (2018-Mar-01 08:42:04 GMT): 50%
2018-Mar-01 12:42:04 (2018-Mar-01 08:42:04 GMT): 60%
2018-Mar-01 12:42:04 (2018-Mar-01 08:42:04 GMT): 70%
2018-Mar-01 12:42:04 (2018-Mar-01 08:42:04 GMT): 80%
2018-Mar-01 12:42:04 (2018-Mar-01 08:42:04 GMT): 90%

Finished Levelizing
2018-Mar-01 12:42:04 (2018-Mar-01 08:42:04 GMT)

Starting Activity Propagation
2018-Mar-01 12:42:04 (2018-Mar-01 08:42:04 GMT)
2018-Mar-01 12:42:04 (2018-Mar-01 08:42:04 GMT): 10%
2018-Mar-01 12:42:04 (2018-Mar-01 08:42:04 GMT): 20%
2018-Mar-01 12:42:04 (2018-Mar-01 08:42:04 GMT): 30%

Finished Activity Propagation
2018-Mar-01 12:42:04 (2018-Mar-01 08:42:04 GMT)
Ended Processing Signal Activity: (cpu=0:00:00, real=0:00:00, mem(process/total)=766.86MB/766.86MB)

Begin Power Computation

      ----------------------------------------------------------
      # of cell(s) missing both power/leakage table: 0
      # of cell(s) missing power table: 0
      # of cell(s) missing leakage table: 0
      # of MSMV cell(s) missing power_level: 0
      ----------------------------------------------------------



Starting Calculating power
2018-Mar-01 12:42:04 (2018-Mar-01 08:42:04 GMT)
 ... Calculating switching power
2018-Mar-01 12:42:04 (2018-Mar-01 08:42:04 GMT): 10%
2018-Mar-01 12:42:04 (2018-Mar-01 08:42:04 GMT): 20%
2018-Mar-01 12:42:04 (2018-Mar-01 08:42:04 GMT): 30%
2018-Mar-01 12:42:04 (2018-Mar-01 08:42:04 GMT): 40%
2018-Mar-01 12:42:04 (2018-Mar-01 08:42:04 GMT): 50%
 ... Calculating internal and leakage power
2018-Mar-01 12:42:04 (2018-Mar-01 08:42:04 GMT): 60%
2018-Mar-01 12:42:04 (2018-Mar-01 08:42:04 GMT): 70%
2018-Mar-01 12:42:05 (2018-Mar-01 08:42:05 GMT): 80%
2018-Mar-01 12:42:05 (2018-Mar-01 08:42:05 GMT): 90%

Finished Calculating power
2018-Mar-01 12:42:05 (2018-Mar-01 08:42:05 GMT)
Ended Power Computation: (cpu=0:00:00, real=0:00:00, mem(process/total)=767.20MB/767.20MB)

Begin Processing User Attributes

Ended Processing User Attributes: (cpu=0:00:00, real=0:00:00, mem(process/total)=767.24MB/767.24MB)

Ended Power Analysis: (cpu=0:00:00, real=0:00:00, mem(process/total)=767.25MB/767.25MB)

Begin Static Power Report Generation
*----------------------------------------------------------------------------------------
*	Innovus 16.15-s078_1 (64bit) 02/24/2017 14:23 (Linux 2.6.18-194.el5)
*	
*
* 	Date & Time:	2018-Mar-01 12:42:05 (2018-Mar-01 08:42:05 GMT)
*
*----------------------------------------------------------------------------------------
*
*	Design: seq
*
*	Liberty Libraries used:
*	        design_slow_max: ../../../../../library/Front_End/Liberty/CCS/NangateOpenCellLibrary_slow_ccs.lib
*
*	Power Domain used:
*		Rail:        VDD 	Voltage:       0.95
*
*       Power View : design_slow_max
*
*       User-Defined Activity : N.A.
*
*       Activity File: N.A.
*
*       Hierarchical Global Activity: N.A.
*
*       Global Activity: N.A.
*
*       Sequential Element Activity: 0.200000
*
*       Primary Input Activity: 0.200000
*
*       Default icg ratio: N.A.
*
*       Global Comb ClockGate Ratio: N.A.
*
*	Power Units = 1mW
*
*	Time Units = 1e-09 secs
*
*       report_power
*
-----------------------------------------------------------------------------------------


Total Power
-----------------------------------------------------------------------------------------
Total Internal Power:        0.07873036 	   28.0699%
Total Switching Power:       0.18549810 	   66.1361%
Total Leakage Power:         0.01625100 	    5.7940%
Total Power:                 0.28047946
-----------------------------------------------------------------------------------------


Group                           Internal   Switching     Leakage       Total  Percentage 
                                Power      Power         Power         Power  (%)        
-----------------------------------------------------------------------------------------
Sequential                             0           0           0           0           0
Macro                                  0           0           0           0           0
IO                                     0           0           0           0           0
Combinational                    0.07873      0.1855     0.01625      0.2805         100
Clock (Combinational)                  0           0           0           0           0
Clock (Sequential)                     0           0           0           0           0
-----------------------------------------------------------------------------------------
Total                            0.07873      0.1855     0.01625      0.2805         100
-----------------------------------------------------------------------------------------


Rail                  Voltage   Internal   Switching     Leakage       Total  Percentage 
                                Power      Power         Power         Power  (%)        
-----------------------------------------------------------------------------------------
VDD                      0.95    0.07873      0.1855     0.01625      0.2805         100
 
 
-----------------------------------------------------------------------------------------
*	Power Distribution Summary: 
* 		Highest Average Power:                   g145697 (AND2_X4): 	   0.00469
* 		Highest Leakage Power:                   g145866 (INV_X8): 	 8.375e-05
* 		Total Cap: 	5.9023e-12 F
* 		Total instances in design:   972
* 		Total instances in design with no power:     0
*                Total instances in design with no activty:     0

* 		Total Fillers and Decap:     0
-----------------------------------------------------------------------------------------
 
Ended Static Power Report Generation: (cpu=0:00:00, real=0:00:00,
mem(process/total)=767.45MB/767.45MB)

