
Cadence Innovus(TM) Implementation System.
Copyright 2017 Cadence Design Systems, Inc. All rights reserved worldwide.

Version:	v17.12-s095_1, built Thu Nov 9 12:10:01 PST 2017
Options:	
Date:		Tue Sep 11 18:42:16 2018
Host:		aduae260-lap (x86_64 w/Linux 2.6.32-696.1.1.el6.x86_64) (16cores*128cpus*Intel(R) Xeon(R) CPU E5-4660 v4 @ 2.20GHz 40960KB)
OS:		CentOS release 6.9 (Final)

License:
		invs	Innovus Implementation System	17.1	checkout succeeded
		8 CPU jobs allowed with the current license(s). Use setMultiCpuUsage to set your required CPU count.
Change the soft stacksize limit to 0.2%RAM (516 mbytes). Set global soft_stack_size_limit to change the value.

**INFO:  MMMC transition support version v31-84 

<CMD> set_global _enable_mmmc_by_default_flow      $CTE::mmmc_default
<CMD> suppressMessage ENCEXT-2799
<CMD> getDrawView
<CMD> loadWorkspace -name Physical
<CMD> win
<CMD> loadLefFile NangateOpenCellLibrary.lef

Loading LEF file NangateOpenCellLibrary.lef ...
Set DBUPerIGU to M2 pitch 380.

viaInitial starts at Tue Sep 11 18:42:37 2018
viaInitial ends at Tue Sep 11 18:42:37 2018
<CMD> loadDefFile /home/projects/date_19/Results/b14_C/final/lock/b14_C_.7_6_postlift.def
Creating netlist for top cell: b14_C ...
Reading 2750 COMPONENTS ... 
Done.
Reading 647 PINS ... 
Done.
Reading 2 SPECIALNETS ... 
Done.
Reading 3156 NETS ... 
Done.
*** End DEF_netlist parsing (cpu=0:00:00.1, real=0:00:00.0, mem=518.7M) ***
Writing Netlist "b14_C_.7_6_postlift.def.v" ...
Resetting process node dependent CCOpt properties.
Free PSO.
Resetting process node dependent CCOpt properties.
**WARN: (IMPCK-8086):	The command setCTSMode is obsolete and will be removed in the next release. This command still works in this release, but by the next release you must transition to the CCOpt-based CTS flow.
Set DBUPerIGU to 1000.
Set net toggle Scale Factor to 1.00
Set Shrink Factor to 1.00000
Set net toggle Scale Factor to 1.00
Set Shrink Factor to 1.00000

*** Memory Usage v#1 (Current mem = 516.598M, initial mem = 183.621M) ***


Info (SM2C): Status of key globals:
	 MMMC-by-default flow     : 1
	 Default MMMC objs envvar : 0
	 Data portability         : 0
	 MMMC PV Emulation        : 0
	 MMMC debug               : 0
	 Init_Design flow         : 1


	 CTE SM2C global          : false
	 Reporting view filter    : false

Loading LEF file NangateOpenCellLibrary.lef ...
Set DBUPerIGU to M2 pitch 380.

viaInitial starts at Tue Sep 11 18:42:54 2018
viaInitial ends at Tue Sep 11 18:42:54 2018
*** End library_loading (cpu=0.00min, mem=0.0M, fe_cpu=0.26min, fe_mem=519.7M) ***
*** Begin netlist parsing (mem=519.7M) ***
Created 0 new cells from 0 timing libraries.
Reading netlist ...
Backslashed names will retain backslash and a trailing blank character.
Reading verilog netlist 'b14_C_.7_6_postlift.def.v'

*** Memory Usage v#1 (Current mem = 519.699M, initial mem = 183.621M) ***
*** End netlist parsing (cpu=0:00:00.0, real=0:00:00.0, mem=519.7M) ***
Top level cell is b14_C.
LoadLibsFirst: dbBindLib
Hooked 0 DB cells to tlib cells.
Starting recursive module instantiation check.
No recursion found.
Building hierarchical netlist for Cell b14_C ...
*** Netlist is unique.
** info: there are 135 modules.
** info: there are 2750 stdCell insts.

*** Memory Usage v#1 (Current mem = 551.711M, initial mem = 183.621M) ***
*info: set bottom ioPad orient R0
Generated pitch 1.68 in metal10 is different from 1.6 defined in technology file in preferred direction.
Generated pitch 0.84 in metal8 is different from 0.8 defined in technology file in preferred direction.
Generated pitch 0.84 in metal7 is different from 0.8 defined in technology file in preferred direction.
Set Using Default Delay Limit as 1000.
Set Default Net Delay as 1000 ps.
Set Default Net Load as 0.5 pF. 
Set Default Input Pin Transition as 0.1 ps.


Info (SM2C) :  No usable timing libraries were defined in .conf - physical only mode


!INFO (MMMC):  The design is in physical only mode .


Reading DEF file '/home/projects/date_19/Results/b14_C/final/lock/b14_C_.7_6_postlift.def', current time is Tue Sep 11 18:42:54 2018 ...
--- DIVIDERCHAR '/'
--- UnitsPerDBU = 1.0000
Generated pitch 1.68 in metal10 is different from 1.6 defined in technology file in preferred direction.
Generated pitch 0.84 in metal8 is different from 0.8 defined in technology file in preferred direction.
Generated pitch 0.84 in metal7 is different from 0.8 defined in technology file in preferred direction.
--- DIEAREA (0 0) (140980 136640)
Extracting standard cell pins and blockage ...... 
Pin and blockage extraction finished
Extracting macro/IO cell pins and blockage ...... 
Pin and blockage extraction finished
defIn read 10000 lines...
defIn read 20000 lines...
defIn read 30000 lines...
defIn read 40000 lines...
defIn read 50000 lines...
DEF file '/home/projects/date_19/Results/b14_C/final/lock/b14_C_.7_6_postlift.def' is parsed, current time is Tue Sep 11 18:42:55 2018.
Updating the floorplan ...
<CMD> selectInst *buf_inst
<CMD> setDrawView fplan
<CMD> setDrawView place
<CMD> setDrawView place
<CMD> setDrawView place
<CMD> setDrawView fplan
<CMD> deselectAll
<CMD> selectInst u_key_logic_0_39_buf_inst
<CMD> deselectAll
<CMD> selectInst u_key_logic_0_39_buf_inst
<CMD> panPage 0 1
<CMD> panPage 0 1
<CMD> panPage 0 1
<CMD> panPage 0 1
<CMD> panPage 0 -1
<CMD> panPage 0 -1
<CMD> panPage 0 -1
<CMD> panPage 0 -1
<CMD> panPage 0 -1
<CMD> panPage 0 -1
<CMD> panPage 0 -1
<CMD> panPage 0 -1
<CMD> panPage -1 0
<CMD> panPage -1 0
<CMD> panPage -1 0
<CMD> panPage 0 -1
<CMD> panPage 0 -1
<CMD> panPage 0 -1
<CMD> panPage 0 -1
<CMD> panPage 0 1
<CMD> panPage 0 1
<CMD> panPage 0 1
<CMD> panPage 0 1
<CMD> panPage 1 0
<CMD> panPage 1 0
<CMD> panPage 1 0
<CMD> panPage 0 1
<CMD> panPage 0 1
<CMD> panPage 0 1
<CMD> panPage 0 1
<CMD> panPage 0 1
<CMD> panPage 0 1
<CMD> panPage 0 1
<CMD> panPage 0 1
<CMD> panPage 0 -1
<CMD> panPage 0 -1
<CMD> panPage 0 -1
<CMD> deselectAll
<CMD> selectInst u_key_logic_1_44_buf_inst
<CMD> deselectAll
<CMD> selectInst u_key_logic_1_44_buf_inst
<CMD> panPage 1 0
<CMD> panPage 1 0
<CMD> panPage 1 0
<CMD> panPage 1 0
<CMD> panPage 0 -1
<CMD> panPage 0 -1
<CMD> panPage 1 0
<CMD> panPage 1 0
<CMD> panPage 0 -1
<CMD> panPage 0 -1
<CMD> panPage 0 -1
<CMD> panPage 0 -1
<CMD> panPage 0 -1
<CMD> panPage 0 -1
<CMD> panPage 0 -1
<CMD> panPage 0 -1
<CMD> panPage 1 0
<CMD> panPage 1 0
<CMD> panPage -1 0
<CMD> setLayerPreference allM1 -isVisible 0
<CMD> setLayerPreference allM2Cont -isVisible 0
<CMD> setLayerPreference allM3Cont -isVisible 1
<CMD> setLayerPreference allM4Cont -isVisible 1
<CMD> setLayerPreference allM5Cont -isVisible 1
<CMD> setLayerPreference allM6Cont -isVisible 1
<CMD> setLayerPreference allM7Cont -isVisible 1
<CMD> setLayerPreference allM8Cont -isVisible 1
<CMD> setLayerPreference allM9Cont -isVisible 1
<CMD> setLayerPreference allM10Cont -isVisible 1
<CMD> setLayerPreference allM11Cont -isVisible 1
<CMD> setLayerPreference allM12Cont -isVisible 1
<CMD> setLayerPreference allM1 -isVisible 1
<CMD> setLayerPreference allM2Cont -isVisible 1
<CMD> setLayerPreference allM3Cont -isVisible 1
<CMD> setLayerPreference allM4Cont -isVisible 1
<CMD> setLayerPreference allM5Cont -isVisible 1
<CMD> setLayerPreference allM6Cont -isVisible 1
<CMD> setLayerPreference allM7Cont -isVisible 1
<CMD> setLayerPreference allM8Cont -isVisible 1
<CMD> setLayerPreference allM9Cont -isVisible 1
<CMD> setLayerPreference allM10Cont -isVisible 1
<CMD> setLayerPreference allM11Cont -isVisible 1
<CMD> setLayerPreference allM12Cont -isVisible 1
<CMD> setLayerPreference allM1 -isVisible 0
<CMD> setLayerPreference allM2Cont -isVisible 0
<CMD> setLayerPreference allM3Cont -isVisible 1
<CMD> setLayerPreference allM4Cont -isVisible 1
<CMD> setLayerPreference allM5Cont -isVisible 1
<CMD> setLayerPreference allM6Cont -isVisible 1
<CMD> setLayerPreference allM7Cont -isVisible 1
<CMD> setLayerPreference allM8Cont -isVisible 1
<CMD> setLayerPreference allM9Cont -isVisible 1
<CMD> setLayerPreference allM10Cont -isVisible 1
<CMD> setLayerPreference allM11Cont -isVisible 1
<CMD> setLayerPreference allM12Cont -isVisible 1
<CMD> setLayerPreference allM1 -isVisible 1
<CMD> setLayerPreference allM2Cont -isVisible 1
<CMD> setLayerPreference allM3Cont -isVisible 1
<CMD> setLayerPreference allM4Cont -isVisible 1
<CMD> setLayerPreference allM5Cont -isVisible 1
<CMD> setLayerPreference allM6Cont -isVisible 1
<CMD> setLayerPreference allM7Cont -isVisible 1
<CMD> setLayerPreference allM8Cont -isVisible 1
<CMD> setLayerPreference allM9Cont -isVisible 1
<CMD> setLayerPreference allM10Cont -isVisible 1
<CMD> setLayerPreference allM11Cont -isVisible 1
<CMD> setLayerPreference allM12Cont -isVisible 1
<CMD> setLayerPreference allM2 -isVisible 0
<CMD> setLayerPreference allM2Cont -isVisible 0
<CMD> setLayerPreference allM3Cont -isVisible 0
<CMD> setLayerPreference allM4Cont -isVisible 1
<CMD> setLayerPreference allM5Cont -isVisible 1
<CMD> setLayerPreference allM6Cont -isVisible 1
<CMD> setLayerPreference allM7Cont -isVisible 1
<CMD> setLayerPreference allM8Cont -isVisible 1
<CMD> setLayerPreference allM9Cont -isVisible 1
<CMD> setLayerPreference allM10Cont -isVisible 1
<CMD> setLayerPreference allM11Cont -isVisible 1
<CMD> setLayerPreference allM12Cont -isVisible 1
<CMD> setLayerPreference allM2 -isVisible 1
<CMD> setLayerPreference allM2Cont -isVisible 1
<CMD> setLayerPreference allM3Cont -isVisible 1
<CMD> setLayerPreference allM4Cont -isVisible 1
<CMD> setLayerPreference allM5Cont -isVisible 1
<CMD> setLayerPreference allM6Cont -isVisible 1
<CMD> setLayerPreference allM7Cont -isVisible 1
<CMD> setLayerPreference allM8Cont -isVisible 1
<CMD> setLayerPreference allM9Cont -isVisible 1
<CMD> setLayerPreference allM10Cont -isVisible 1
<CMD> setLayerPreference allM11Cont -isVisible 1
<CMD> setLayerPreference allM12Cont -isVisible 1
<CMD> setLayerPreference allM3 -isVisible 0
<CMD> setLayerPreference allM2Cont -isVisible 1
<CMD> setLayerPreference allM3Cont -isVisible 0
<CMD> setLayerPreference allM4Cont -isVisible 0
<CMD> setLayerPreference allM5Cont -isVisible 1
<CMD> setLayerPreference allM6Cont -isVisible 1
<CMD> setLayerPreference allM7Cont -isVisible 1
<CMD> setLayerPreference allM8Cont -isVisible 1
<CMD> setLayerPreference allM9Cont -isVisible 1
<CMD> setLayerPreference allM10Cont -isVisible 1
<CMD> setLayerPreference allM11Cont -isVisible 1
<CMD> setLayerPreference allM12Cont -isVisible 1
<CMD> setLayerPreference allM3 -isVisible 1
<CMD> setLayerPreference allM2Cont -isVisible 1
<CMD> setLayerPreference allM3Cont -isVisible 1
<CMD> setLayerPreference allM4Cont -isVisible 1
<CMD> setLayerPreference allM5Cont -isVisible 1
<CMD> setLayerPreference allM6Cont -isVisible 1
<CMD> setLayerPreference allM7Cont -isVisible 1
<CMD> setLayerPreference allM8Cont -isVisible 1
<CMD> setLayerPreference allM9Cont -isVisible 1
<CMD> setLayerPreference allM10Cont -isVisible 1
<CMD> setLayerPreference allM11Cont -isVisible 1
<CMD> setLayerPreference allM12Cont -isVisible 1
<CMD> setLayerPreference allM4 -isVisible 0
<CMD> setLayerPreference allM2Cont -isVisible 1
<CMD> setLayerPreference allM3Cont -isVisible 1
<CMD> setLayerPreference allM4Cont -isVisible 0
<CMD> setLayerPreference allM5Cont -isVisible 0
<CMD> setLayerPreference allM6Cont -isVisible 1
<CMD> setLayerPreference allM7Cont -isVisible 1
<CMD> setLayerPreference allM8Cont -isVisible 1
<CMD> setLayerPreference allM9Cont -isVisible 1
<CMD> setLayerPreference allM10Cont -isVisible 1
<CMD> setLayerPreference allM11Cont -isVisible 1
<CMD> setLayerPreference allM12Cont -isVisible 1
<CMD> setLayerPreference allM4 -isVisible 1
<CMD> setLayerPreference allM2Cont -isVisible 1
<CMD> setLayerPreference allM3Cont -isVisible 1
<CMD> setLayerPreference allM4Cont -isVisible 1
<CMD> setLayerPreference allM5Cont -isVisible 1
<CMD> setLayerPreference allM6Cont -isVisible 1
<CMD> setLayerPreference allM7Cont -isVisible 1
<CMD> setLayerPreference allM8Cont -isVisible 1
<CMD> setLayerPreference allM9Cont -isVisible 1
<CMD> setLayerPreference allM10Cont -isVisible 1
<CMD> setLayerPreference allM11Cont -isVisible 1
<CMD> setLayerPreference allM12Cont -isVisible 1
<CMD> setLayerPreference allM5 -isVisible 0
<CMD> setLayerPreference allM2Cont -isVisible 1
<CMD> setLayerPreference allM3Cont -isVisible 1
<CMD> setLayerPreference allM4Cont -isVisible 1
<CMD> setLayerPreference allM5Cont -isVisible 0
<CMD> setLayerPreference allM6Cont -isVisible 0
<CMD> setLayerPreference allM7Cont -isVisible 1
<CMD> setLayerPreference allM8Cont -isVisible 1
<CMD> setLayerPreference allM9Cont -isVisible 1
<CMD> setLayerPreference allM10Cont -isVisible 1
<CMD> setLayerPreference allM11Cont -isVisible 1
<CMD> setLayerPreference allM12Cont -isVisible 1
<CMD> setLayerPreference allM5 -isVisible 1
<CMD> setLayerPreference allM2Cont -isVisible 1
<CMD> setLayerPreference allM3Cont -isVisible 1
<CMD> setLayerPreference allM4Cont -isVisible 1
<CMD> setLayerPreference allM5Cont -isVisible 1
<CMD> setLayerPreference allM6Cont -isVisible 1
<CMD> setLayerPreference allM7Cont -isVisible 1
<CMD> setLayerPreference allM8Cont -isVisible 1
<CMD> setLayerPreference allM9Cont -isVisible 1
<CMD> setLayerPreference allM10Cont -isVisible 1
<CMD> setLayerPreference allM11Cont -isVisible 1
<CMD> setLayerPreference allM12Cont -isVisible 1
<CMD> setLayerPreference allM6 -isVisible 0
<CMD> setLayerPreference allM2Cont -isVisible 1
<CMD> setLayerPreference allM3Cont -isVisible 1
<CMD> setLayerPreference allM4Cont -isVisible 1
<CMD> setLayerPreference allM5Cont -isVisible 1
<CMD> setLayerPreference allM6Cont -isVisible 0
<CMD> setLayerPreference allM7Cont -isVisible 0
<CMD> setLayerPreference allM8Cont -isVisible 1
<CMD> setLayerPreference allM9Cont -isVisible 1
<CMD> setLayerPreference allM10Cont -isVisible 1
<CMD> setLayerPreference allM11Cont -isVisible 1
<CMD> setLayerPreference allM12Cont -isVisible 1
<CMD> setLayerPreference allM6 -isVisible 1
<CMD> setLayerPreference allM2Cont -isVisible 1
<CMD> setLayerPreference allM3Cont -isVisible 1
<CMD> setLayerPreference allM4Cont -isVisible 1
<CMD> setLayerPreference allM5Cont -isVisible 1
<CMD> setLayerPreference allM6Cont -isVisible 1
<CMD> setLayerPreference allM7Cont -isVisible 1
<CMD> setLayerPreference allM8Cont -isVisible 1
<CMD> setLayerPreference allM9Cont -isVisible 1
<CMD> setLayerPreference allM10Cont -isVisible 1
<CMD> setLayerPreference allM11Cont -isVisible 1
<CMD> setLayerPreference allM12Cont -isVisible 1
<CMD> setLayerPreference allM7 -isVisible 0
<CMD> setLayerPreference allM2Cont -isVisible 1
<CMD> setLayerPreference allM3Cont -isVisible 1
<CMD> setLayerPreference allM4Cont -isVisible 1
<CMD> setLayerPreference allM5Cont -isVisible 1
<CMD> setLayerPreference allM6Cont -isVisible 1
<CMD> setLayerPreference allM7Cont -isVisible 0
<CMD> setLayerPreference allM8Cont -isVisible 0
<CMD> setLayerPreference allM9Cont -isVisible 1
<CMD> setLayerPreference allM10Cont -isVisible 1
<CMD> setLayerPreference allM11Cont -isVisible 1
<CMD> setLayerPreference allM12Cont -isVisible 1
<CMD> setLayerPreference allM7 -isVisible 1
<CMD> setLayerPreference allM2Cont -isVisible 1
<CMD> setLayerPreference allM3Cont -isVisible 1
<CMD> setLayerPreference allM4Cont -isVisible 1
<CMD> setLayerPreference allM5Cont -isVisible 1
<CMD> setLayerPreference allM6Cont -isVisible 1
<CMD> setLayerPreference allM7Cont -isVisible 1
<CMD> setLayerPreference allM8Cont -isVisible 1
<CMD> setLayerPreference allM9Cont -isVisible 1
<CMD> setLayerPreference allM10Cont -isVisible 1
<CMD> setLayerPreference allM11Cont -isVisible 1
<CMD> setLayerPreference allM12Cont -isVisible 1
<CMD> setLayerPreference allM8 -isVisible 0
<CMD> setLayerPreference allM2Cont -isVisible 1
<CMD> setLayerPreference allM3Cont -isVisible 1
<CMD> setLayerPreference allM4Cont -isVisible 1
<CMD> setLayerPreference allM5Cont -isVisible 1
<CMD> setLayerPreference allM6Cont -isVisible 1
<CMD> setLayerPreference allM7Cont -isVisible 1
<CMD> setLayerPreference allM8Cont -isVisible 0
<CMD> setLayerPreference allM9Cont -isVisible 0
<CMD> setLayerPreference allM10Cont -isVisible 1
<CMD> setLayerPreference allM11Cont -isVisible 1
<CMD> setLayerPreference allM12Cont -isVisible 1
<CMD> setLayerPreference allM8 -isVisible 1
<CMD> setLayerPreference allM2Cont -isVisible 1
<CMD> setLayerPreference allM3Cont -isVisible 1
<CMD> setLayerPreference allM4Cont -isVisible 1
<CMD> setLayerPreference allM5Cont -isVisible 1
<CMD> setLayerPreference allM6Cont -isVisible 1
<CMD> setLayerPreference allM7Cont -isVisible 1
<CMD> setLayerPreference allM8Cont -isVisible 1
<CMD> setLayerPreference allM9Cont -isVisible 1
<CMD> setLayerPreference allM10Cont -isVisible 1
<CMD> setLayerPreference allM11Cont -isVisible 1
<CMD> setLayerPreference allM12Cont -isVisible 1
<CMD> setLayerPreference allM9 -isVisible 0
<CMD> setLayerPreference allM2Cont -isVisible 1
<CMD> setLayerPreference allM3Cont -isVisible 1
<CMD> setLayerPreference allM4Cont -isVisible 1
<CMD> setLayerPreference allM5Cont -isVisible 1
<CMD> setLayerPreference allM6Cont -isVisible 1
<CMD> setLayerPreference allM7Cont -isVisible 1
<CMD> setLayerPreference allM8Cont -isVisible 1
<CMD> setLayerPreference allM9Cont -isVisible 0
<CMD> setLayerPreference allM10Cont -isVisible 0
<CMD> setLayerPreference allM11Cont -isVisible 1
<CMD> setLayerPreference allM12Cont -isVisible 1
<CMD> setLayerPreference allM9 -isVisible 1
<CMD> setLayerPreference allM2Cont -isVisible 1
<CMD> setLayerPreference allM3Cont -isVisible 1
<CMD> setLayerPreference allM4Cont -isVisible 1
<CMD> setLayerPreference allM5Cont -isVisible 1
<CMD> setLayerPreference allM6Cont -isVisible 1
<CMD> setLayerPreference allM7Cont -isVisible 1
<CMD> setLayerPreference allM8Cont -isVisible 1
<CMD> setLayerPreference allM9Cont -isVisible 1
<CMD> setLayerPreference allM10Cont -isVisible 1
<CMD> setLayerPreference allM11Cont -isVisible 1
<CMD> setLayerPreference allM12Cont -isVisible 1
<CMD> panPage -1 0
<CMD> setLayerPreference net -isVisible 0
<CMD> setLayerPreference power -isVisible 0
<CMD> setLayerPreference pgPower -isVisible 0
<CMD> setLayerPreference pgGround -isVisible 0
<CMD> setLayerPreference clock -isVisible 0
<CMD> fit
<CMD> setLayerPreference net -isVisible 1
<CMD> setLayerPreference power -isVisible 1
<CMD> setLayerPreference pgPower -isVisible 1
<CMD> setLayerPreference pgGround -isVisible 1
<CMD> setLayerPreference clock -isVisible 1
<CMD> setLayerPreference allM1 -isVisible 0
<CMD> setLayerPreference allM2 -isVisible 0
<CMD> setLayerPreference allM3 -isVisible 0
<CMD> setLayerPreference allM4 -isVisible 0
<CMD> setLayerPreference allM5 -isVisible 0
<CMD> setLayerPreference allM6 -isVisible 0
<CMD> setLayerPreference allM7Cont -isVisible 0
<CMD> setLayerPreference allM7Cont -isVisible 1
<CMD> setLayerPreference allM6 -isVisible 1
<CMD> setLayerPreference allM5 -isVisible 1
<CMD> setLayerPreference allM3 -isVisible 1
<CMD> setLayerPreference allM4 -isVisible 1
<CMD> setLayerPreference allM2 -isVisible 1
<CMD> setLayerPreference allM1 -isVisible 1
<CMD> setDrawView place
<CMD> panPage 0 1
<CMD> setLayerPreference allM1 -isVisible 0
<CMD> setLayerPreference allM2Cont -isVisible 0
<CMD> setLayerPreference allM3Cont -isVisible 1
<CMD> setLayerPreference allM4Cont -isVisible 1
<CMD> setLayerPreference allM5Cont -isVisible 1
<CMD> setLayerPreference allM6Cont -isVisible 1
<CMD> setLayerPreference allM7Cont -isVisible 1
<CMD> setLayerPreference allM8Cont -isVisible 1
<CMD> setLayerPreference allM9Cont -isVisible 1
<CMD> setLayerPreference allM10Cont -isVisible 1
<CMD> setLayerPreference allM11Cont -isVisible 1
<CMD> setLayerPreference allM12Cont -isVisible 1
<CMD> setLayerPreference allM2 -isVisible 0
<CMD> setLayerPreference allM2Cont -isVisible 0
<CMD> setLayerPreference allM3Cont -isVisible 0
<CMD> setLayerPreference allM4Cont -isVisible 1
<CMD> setLayerPreference allM5Cont -isVisible 1
<CMD> setLayerPreference allM6Cont -isVisible 1
<CMD> setLayerPreference allM7Cont -isVisible 1
<CMD> setLayerPreference allM8Cont -isVisible 1
<CMD> setLayerPreference allM9Cont -isVisible 1
<CMD> setLayerPreference allM10Cont -isVisible 1
<CMD> setLayerPreference allM11Cont -isVisible 1
<CMD> setLayerPreference allM12Cont -isVisible 1
<CMD> setLayerPreference allM3 -isVisible 0
<CMD> setLayerPreference allM2Cont -isVisible 0
<CMD> setLayerPreference allM3Cont -isVisible 0
<CMD> setLayerPreference allM4Cont -isVisible 0
<CMD> setLayerPreference allM5Cont -isVisible 1
<CMD> setLayerPreference allM6Cont -isVisible 1
<CMD> setLayerPreference allM7Cont -isVisible 1
<CMD> setLayerPreference allM8Cont -isVisible 1
<CMD> setLayerPreference allM9Cont -isVisible 1
<CMD> setLayerPreference allM10Cont -isVisible 1
<CMD> setLayerPreference allM11Cont -isVisible 1
<CMD> setLayerPreference allM12Cont -isVisible 1
<CMD> setLayerPreference allM4 -isVisible 0
<CMD> setLayerPreference allM2Cont -isVisible 0
<CMD> setLayerPreference allM3Cont -isVisible 0
<CMD> setLayerPreference allM4Cont -isVisible 0
<CMD> setLayerPreference allM5Cont -isVisible 0
<CMD> setLayerPreference allM6Cont -isVisible 1
<CMD> setLayerPreference allM7Cont -isVisible 1
<CMD> setLayerPreference allM8Cont -isVisible 1
<CMD> setLayerPreference allM9Cont -isVisible 1
<CMD> setLayerPreference allM10Cont -isVisible 1
<CMD> setLayerPreference allM11Cont -isVisible 1
<CMD> setLayerPreference allM12Cont -isVisible 1
<CMD> setLayerPreference allM5 -isVisible 0
<CMD> setLayerPreference allM2Cont -isVisible 0
<CMD> setLayerPreference allM3Cont -isVisible 0
<CMD> setLayerPreference allM4Cont -isVisible 0
<CMD> setLayerPreference allM5Cont -isVisible 0
<CMD> setLayerPreference allM6Cont -isVisible 0
<CMD> setLayerPreference allM7Cont -isVisible 1
<CMD> setLayerPreference allM8Cont -isVisible 1
<CMD> setLayerPreference allM9Cont -isVisible 1
<CMD> setLayerPreference allM10Cont -isVisible 1
<CMD> setLayerPreference allM11Cont -isVisible 1
<CMD> setLayerPreference allM12Cont -isVisible 1
<CMD> setLayerPreference allM6 -isVisible 0
<CMD> setLayerPreference allM2Cont -isVisible 0
<CMD> setLayerPreference allM3Cont -isVisible 0
<CMD> setLayerPreference allM4Cont -isVisible 0
<CMD> setLayerPreference allM5Cont -isVisible 0
<CMD> setLayerPreference allM6Cont -isVisible 0
<CMD> setLayerPreference allM7Cont -isVisible 0
<CMD> setLayerPreference allM8Cont -isVisible 1
<CMD> setLayerPreference allM9Cont -isVisible 1
<CMD> setLayerPreference allM10Cont -isVisible 1
<CMD> setLayerPreference allM11Cont -isVisible 1
<CMD> setLayerPreference allM12Cont -isVisible 1
<CMD> setLayerPreference allM7 -isVisible 0
<CMD> setLayerPreference allM2Cont -isVisible 0
<CMD> setLayerPreference allM3Cont -isVisible 0
<CMD> setLayerPreference allM4Cont -isVisible 0
<CMD> setLayerPreference allM5Cont -isVisible 0
<CMD> setLayerPreference allM6Cont -isVisible 0
<CMD> setLayerPreference allM7Cont -isVisible 0
<CMD> setLayerPreference allM8Cont -isVisible 0
<CMD> setLayerPreference allM9Cont -isVisible 1
<CMD> setLayerPreference allM10Cont -isVisible 1
<CMD> setLayerPreference allM11Cont -isVisible 1
<CMD> setLayerPreference allM12Cont -isVisible 1
<CMD> setLayerPreference allM8 -isVisible 0
<CMD> setLayerPreference allM2Cont -isVisible 0
<CMD> setLayerPreference allM3Cont -isVisible 0
<CMD> setLayerPreference allM4Cont -isVisible 0
<CMD> setLayerPreference allM5Cont -isVisible 0
<CMD> setLayerPreference allM6Cont -isVisible 0
<CMD> setLayerPreference allM7Cont -isVisible 0
<CMD> setLayerPreference allM8Cont -isVisible 0
<CMD> setLayerPreference allM9Cont -isVisible 0
<CMD> setLayerPreference allM10Cont -isVisible 1
<CMD> setLayerPreference allM11Cont -isVisible 1
<CMD> setLayerPreference allM12Cont -isVisible 1
<CMD> setLayerPreference allM9 -isVisible 0
<CMD> setLayerPreference allM2Cont -isVisible 0
<CMD> setLayerPreference allM3Cont -isVisible 0
<CMD> setLayerPreference allM4Cont -isVisible 0
<CMD> setLayerPreference allM5Cont -isVisible 0
<CMD> setLayerPreference allM6Cont -isVisible 0
<CMD> setLayerPreference allM7Cont -isVisible 0
<CMD> setLayerPreference allM8Cont -isVisible 0
<CMD> setLayerPreference allM9Cont -isVisible 0
<CMD> setLayerPreference allM10Cont -isVisible 0
<CMD> setLayerPreference allM11Cont -isVisible 1
<CMD> setLayerPreference allM12Cont -isVisible 1
<CMD> setLayerPreference allM10 -isVisible 0
<CMD> setLayerPreference allM1 -isVisible 1
<CMD> setLayerPreference allM2Cont -isVisible 0
<CMD> setLayerPreference allM3Cont -isVisible 0
<CMD> setLayerPreference allM4Cont -isVisible 0
<CMD> setLayerPreference allM5Cont -isVisible 0
<CMD> setLayerPreference allM6Cont -isVisible 0
<CMD> setLayerPreference allM7Cont -isVisible 0
<CMD> setLayerPreference allM8Cont -isVisible 0
<CMD> setLayerPreference allM9Cont -isVisible 0
<CMD> setLayerPreference allM10Cont -isVisible 0
<CMD> setLayerPreference allM11Cont -isVisible 0
<CMD> setLayerPreference allM12Cont -isVisible 1
<CMD> setLayerPreference allM1 -isVisible 0
<CMD> setLayerPreference allM2Cont -isVisible 0
<CMD> setLayerPreference allM3Cont -isVisible 0
<CMD> setLayerPreference allM4Cont -isVisible 0
<CMD> setLayerPreference allM5Cont -isVisible 0
<CMD> setLayerPreference allM6Cont -isVisible 0
<CMD> setLayerPreference allM7Cont -isVisible 0
<CMD> setLayerPreference allM8Cont -isVisible 0
<CMD> setLayerPreference allM9Cont -isVisible 0
<CMD> setLayerPreference allM10Cont -isVisible 0
<CMD> setLayerPreference allM11Cont -isVisible 0
<CMD> setLayerPreference allM12Cont -isVisible 1
<CMD> setLayerPreference allM2 -isVisible 1
<CMD> setLayerPreference allM2Cont -isVisible 0
<CMD> setLayerPreference allM3Cont -isVisible 0
<CMD> setLayerPreference allM4Cont -isVisible 0
<CMD> setLayerPreference allM5Cont -isVisible 0
<CMD> setLayerPreference allM6Cont -isVisible 0
<CMD> setLayerPreference allM7Cont -isVisible 0
<CMD> setLayerPreference allM8Cont -isVisible 0
<CMD> setLayerPreference allM9Cont -isVisible 0
<CMD> setLayerPreference allM10Cont -isVisible 0
<CMD> setLayerPreference allM11Cont -isVisible 0
<CMD> setLayerPreference allM12Cont -isVisible 1
<CMD> setLayerPreference allM2 -isVisible 0
<CMD> setLayerPreference allM2Cont -isVisible 0
<CMD> setLayerPreference allM3Cont -isVisible 0
<CMD> setLayerPreference allM4Cont -isVisible 0
<CMD> setLayerPreference allM5Cont -isVisible 0
<CMD> setLayerPreference allM6Cont -isVisible 0
<CMD> setLayerPreference allM7Cont -isVisible 0
<CMD> setLayerPreference allM8Cont -isVisible 0
<CMD> setLayerPreference allM9Cont -isVisible 0
<CMD> setLayerPreference allM10Cont -isVisible 0
<CMD> setLayerPreference allM11Cont -isVisible 0
<CMD> setLayerPreference allM12Cont -isVisible 1
<CMD> setLayerPreference allM1 -isVisible 1
<CMD> setLayerPreference allM2Cont -isVisible 0
<CMD> setLayerPreference allM3Cont -isVisible 0
<CMD> setLayerPreference allM4Cont -isVisible 0
<CMD> setLayerPreference allM5Cont -isVisible 0
<CMD> setLayerPreference allM6Cont -isVisible 0
<CMD> setLayerPreference allM7Cont -isVisible 0
<CMD> setLayerPreference allM8Cont -isVisible 0
<CMD> setLayerPreference allM9Cont -isVisible 0
<CMD> setLayerPreference allM10Cont -isVisible 0
<CMD> setLayerPreference allM11Cont -isVisible 0
<CMD> setLayerPreference allM12Cont -isVisible 1
<CMD> setLayerPreference allM1 -isVisible 0
<CMD> setLayerPreference allM2Cont -isVisible 0
<CMD> setLayerPreference allM3Cont -isVisible 0
<CMD> setLayerPreference allM4Cont -isVisible 0
<CMD> setLayerPreference allM5Cont -isVisible 0
<CMD> setLayerPreference allM6Cont -isVisible 0
<CMD> setLayerPreference allM7Cont -isVisible 0
<CMD> setLayerPreference allM8Cont -isVisible 0
<CMD> setLayerPreference allM9Cont -isVisible 0
<CMD> setLayerPreference allM10Cont -isVisible 0
<CMD> setLayerPreference allM11Cont -isVisible 0
<CMD> setLayerPreference allM12Cont -isVisible 1
<CMD> setLayerPreference allM2 -isVisible 1
<CMD> setLayerPreference allM2Cont -isVisible 0
<CMD> setLayerPreference allM3Cont -isVisible 0
<CMD> setLayerPreference allM4Cont -isVisible 0
<CMD> setLayerPreference allM5Cont -isVisible 0
<CMD> setLayerPreference allM6Cont -isVisible 0
<CMD> setLayerPreference allM7Cont -isVisible 0
<CMD> setLayerPreference allM8Cont -isVisible 0
<CMD> setLayerPreference allM9Cont -isVisible 0
<CMD> setLayerPreference allM10Cont -isVisible 0
<CMD> setLayerPreference allM11Cont -isVisible 0
<CMD> setLayerPreference allM12Cont -isVisible 1
<CMD> setLayerPreference allM2 -isVisible 0
<CMD> setLayerPreference allM2Cont -isVisible 0
<CMD> setLayerPreference allM3Cont -isVisible 0
<CMD> setLayerPreference allM4Cont -isVisible 0
<CMD> setLayerPreference allM5Cont -isVisible 0
<CMD> setLayerPreference allM6Cont -isVisible 0
<CMD> setLayerPreference allM7Cont -isVisible 0
<CMD> setLayerPreference allM8Cont -isVisible 0
<CMD> setLayerPreference allM9Cont -isVisible 0
<CMD> setLayerPreference allM10Cont -isVisible 0
<CMD> setLayerPreference allM11Cont -isVisible 0
<CMD> setLayerPreference allM12Cont -isVisible 1
<CMD> setLayerPreference allM3 -isVisible 1
<CMD> setLayerPreference allM2Cont -isVisible 0
<CMD> setLayerPreference allM3Cont -isVisible 0
<CMD> setLayerPreference allM4Cont -isVisible 0
<CMD> setLayerPreference allM5Cont -isVisible 0
<CMD> setLayerPreference allM6Cont -isVisible 0
<CMD> setLayerPreference allM7Cont -isVisible 0
<CMD> setLayerPreference allM8Cont -isVisible 0
<CMD> setLayerPreference allM9Cont -isVisible 0
<CMD> setLayerPreference allM10Cont -isVisible 0
<CMD> setLayerPreference allM11Cont -isVisible 0
<CMD> setLayerPreference allM12Cont -isVisible 1
<CMD> setLayerPreference allM3 -isVisible 0
<CMD> setLayerPreference allM2Cont -isVisible 0
<CMD> setLayerPreference allM3Cont -isVisible 0
<CMD> setLayerPreference allM4Cont -isVisible 0
<CMD> setLayerPreference allM5Cont -isVisible 0
<CMD> setLayerPreference allM6Cont -isVisible 0
<CMD> setLayerPreference allM7Cont -isVisible 0
<CMD> setLayerPreference allM8Cont -isVisible 0
<CMD> setLayerPreference allM9Cont -isVisible 0
<CMD> setLayerPreference allM10Cont -isVisible 0
<CMD> setLayerPreference allM11Cont -isVisible 0
<CMD> setLayerPreference allM12Cont -isVisible 1
<CMD> setLayerPreference allM4 -isVisible 1
<CMD> setLayerPreference allM2Cont -isVisible 0
<CMD> setLayerPreference allM3Cont -isVisible 0
<CMD> setLayerPreference allM4Cont -isVisible 0
<CMD> setLayerPreference allM5Cont -isVisible 0
<CMD> setLayerPreference allM6Cont -isVisible 0
<CMD> setLayerPreference allM7Cont -isVisible 0
<CMD> setLayerPreference allM8Cont -isVisible 0
<CMD> setLayerPreference allM9Cont -isVisible 0
<CMD> setLayerPreference allM10Cont -isVisible 0
<CMD> setLayerPreference allM11Cont -isVisible 0
<CMD> setLayerPreference allM12Cont -isVisible 1
<CMD> setLayerPreference allM4 -isVisible 0
<CMD> setLayerPreference allM2Cont -isVisible 0
<CMD> setLayerPreference allM3Cont -isVisible 0
<CMD> setLayerPreference allM4Cont -isVisible 0
<CMD> setLayerPreference allM5Cont -isVisible 0
<CMD> setLayerPreference allM6Cont -isVisible 0
<CMD> setLayerPreference allM7Cont -isVisible 0
<CMD> setLayerPreference allM8Cont -isVisible 0
<CMD> setLayerPreference allM9Cont -isVisible 0
<CMD> setLayerPreference allM10Cont -isVisible 0
<CMD> setLayerPreference allM11Cont -isVisible 0
<CMD> setLayerPreference allM12Cont -isVisible 1
<CMD> setLayerPreference allM5 -isVisible 1
<CMD> setLayerPreference allM2Cont -isVisible 0
<CMD> setLayerPreference allM3Cont -isVisible 0
<CMD> setLayerPreference allM4Cont -isVisible 0
<CMD> setLayerPreference allM5Cont -isVisible 0
<CMD> setLayerPreference allM6Cont -isVisible 0
<CMD> setLayerPreference allM7Cont -isVisible 0
<CMD> setLayerPreference allM8Cont -isVisible 0
<CMD> setLayerPreference allM9Cont -isVisible 0
<CMD> setLayerPreference allM10Cont -isVisible 0
<CMD> setLayerPreference allM11Cont -isVisible 0
<CMD> setLayerPreference allM12Cont -isVisible 1
<CMD> setLayerPreference allM5 -isVisible 0
<CMD> setLayerPreference allM2Cont -isVisible 0
<CMD> setLayerPreference allM3Cont -isVisible 0
<CMD> setLayerPreference allM4Cont -isVisible 0
<CMD> setLayerPreference allM5Cont -isVisible 0
<CMD> setLayerPreference allM6Cont -isVisible 0
<CMD> setLayerPreference allM7Cont -isVisible 0
<CMD> setLayerPreference allM8Cont -isVisible 0
<CMD> setLayerPreference allM9Cont -isVisible 0
<CMD> setLayerPreference allM10Cont -isVisible 0
<CMD> setLayerPreference allM11Cont -isVisible 0
<CMD> setLayerPreference allM12Cont -isVisible 1
<CMD> setLayerPreference allM6 -isVisible 1
<CMD> setLayerPreference allM2Cont -isVisible 0
<CMD> setLayerPreference allM3Cont -isVisible 0
<CMD> setLayerPreference allM4Cont -isVisible 0
<CMD> setLayerPreference allM5Cont -isVisible 0
<CMD> setLayerPreference allM6Cont -isVisible 0
<CMD> setLayerPreference allM7Cont -isVisible 0
<CMD> setLayerPreference allM8Cont -isVisible 0
<CMD> setLayerPreference allM9Cont -isVisible 0
<CMD> setLayerPreference allM10Cont -isVisible 0
<CMD> setLayerPreference allM11Cont -isVisible 0
<CMD> setLayerPreference allM12Cont -isVisible 1
<CMD> setLayerPreference allM6 -isVisible 0
<CMD> setLayerPreference allM2Cont -isVisible 0
<CMD> setLayerPreference allM3Cont -isVisible 0
<CMD> setLayerPreference allM4Cont -isVisible 0
<CMD> setLayerPreference allM5Cont -isVisible 0
<CMD> setLayerPreference allM6Cont -isVisible 0
<CMD> setLayerPreference allM7Cont -isVisible 0
<CMD> setLayerPreference allM8Cont -isVisible 0
<CMD> setLayerPreference allM9Cont -isVisible 0
<CMD> setLayerPreference allM10Cont -isVisible 0
<CMD> setLayerPreference allM11Cont -isVisible 0
<CMD> setLayerPreference allM12Cont -isVisible 1
<CMD> setLayerPreference allM7 -isVisible 1
<CMD> setLayerPreference allM2Cont -isVisible 0
<CMD> setLayerPreference allM3Cont -isVisible 0
<CMD> setLayerPreference allM4Cont -isVisible 0
<CMD> setLayerPreference allM5Cont -isVisible 0
<CMD> setLayerPreference allM6Cont -isVisible 0
<CMD> setLayerPreference allM7Cont -isVisible 0
<CMD> setLayerPreference allM8Cont -isVisible 0
<CMD> setLayerPreference allM9Cont -isVisible 0
<CMD> setLayerPreference allM10Cont -isVisible 0
<CMD> setLayerPreference allM11Cont -isVisible 0
<CMD> setLayerPreference allM12Cont -isVisible 1
<CMD> panPage 0 -1
<CMD> panPage 0 1
<CMD> setLayerPreference allM8 -isVisible 1
<CMD> setLayerPreference allM2Cont -isVisible 0
<CMD> setLayerPreference allM3Cont -isVisible 0
<CMD> setLayerPreference allM4Cont -isVisible 0
<CMD> setLayerPreference allM5Cont -isVisible 0
<CMD> setLayerPreference allM6Cont -isVisible 0
<CMD> setLayerPreference allM7Cont -isVisible 0
<CMD> setLayerPreference allM8Cont -isVisible 1
<CMD> setLayerPreference allM9Cont -isVisible 0
<CMD> setLayerPreference allM10Cont -isVisible 0
<CMD> setLayerPreference allM11Cont -isVisible 0
<CMD> setLayerPreference allM12Cont -isVisible 1
<CMD> panPage 1 0
<CMD> panPage 0 -1
<CMD> panPage 1 0
<CMD> panPage 1 0
<CMD> setLayerPreference allM9 -isVisible 1
<CMD> setLayerPreference allM2Cont -isVisible 0
<CMD> setLayerPreference allM3Cont -isVisible 0
<CMD> setLayerPreference allM4Cont -isVisible 0
<CMD> setLayerPreference allM5Cont -isVisible 0
<CMD> setLayerPreference allM6Cont -isVisible 0
<CMD> setLayerPreference allM7Cont -isVisible 0
<CMD> setLayerPreference allM8Cont -isVisible 1
<CMD> setLayerPreference allM9Cont -isVisible 1
<CMD> setLayerPreference allM10Cont -isVisible 0
<CMD> setLayerPreference allM11Cont -isVisible 0
<CMD> setLayerPreference allM12Cont -isVisible 1
<CMD> setLayerPreference allM10 -isVisible 1
<CMD> panPage 0 -1
<CMD> panPage 0 -1
<CMD> panPage 0 -1
<CMD> panPage 1 0
<CMD> panPage 1 0
<CMD> panPage 1 0
<CMD> panPage 1 0
<CMD> panPage -1 0
<CMD> panPage -1 0
<CMD> panPage -1 0
<CMD> panPage -1 0
<CMD> panPage -1 0
<CMD> panPage -1 0
<CMD> panPage -1 0
<CMD> panPage -1 0
<CMD> panPage 0 1
<CMD> panPage 0 1
<CMD> panPage 0 1
<CMD> panPage 0 1
<CMD> panPage 0 1
<CMD> panPage 0 1
<CMD> fit
<CMD> setDrawView place
<CMD> setDrawView place
<CMD> setDrawView fplan
<CMD> deselectAll
<CMD> selectInst u_key_logic_0_3_buf_inst
<CMD> deselectAll
<CMD> selectInst u_key_logic_1_13_buf_inst
<CMD> deselectAll
<CMD> selectInst u_key_logic_0_21_buf_inst
<CMD> deselectAll
<CMD> selectInst u_key_logic_1_9_buf_inst
<CMD> deselectAll
<CMD> selectInst u_key_logic_0_24_buf_inst
<CMD> deselectAll
<CMD> selectInst u_key_logic_0_22_buf_inst
<CMD> deselectAll
<CMD> selectInst u_key_logic_0_44_buf_inst
<CMD> selectNet *key*
**INFO (INTERRUPT): One more Ctrl-C to exit Innovus ...
Innovus terminated by user interrupt.

*** Memory Usage v#1 (Current mem = 901.652M, initial mem = 183.621M) ***
*** Message Summary: 1 warning(s), 0 error(s)

--- Ending "Innovus" (totcpu=0:06:54, real=2:26:18, mem=901.7M) ---
