
Cadence Innovus(TM) Implementation System.
Copyright 2017 Cadence Design Systems, Inc. All rights reserved worldwide.

Version:	v17.12-s095_1, built Thu Nov 9 12:10:01 PST 2017
Options:	
Date:		Fri Apr 20 23:57:32 2018
Host:		aduae260-lap (x86_64 w/Linux 2.6.32-696.1.1.el6.x86_64) (16cores*128cpus*Intel(R) Xeon(R) CPU E5-4660 v4 @ 2.20GHz 40960KB)
OS:		CentOS release 6.9 (Final)

License:
		invs	Innovus Implementation System	17.1	checkout succeeded
		8 CPU jobs allowed with the current license(s). Use setMultiCpuUsage to set your required CPU count.
Change the soft stacksize limit to 0.2%RAM (516 mbytes). Set global soft_stack_size_limit to change the value.

**INFO:  MMMC transition support version v31-84 

<CMD> set_global _enable_mmmc_by_default_flow      $CTE::mmmc_default
<CMD> suppressMessage ENCEXT-2799
<CMD> getDrawView
<CMD> loadWorkspace -name Physical
<CMD> win

*** Memory Usage v#1 (Current mem = 505.582M, initial mem = 183.621M) ***
*** Message Summary: 0 warning(s), 0 error(s)

--- Ending "Innovus" (totcpu=0:00:14.4, real=0:00:21.0, mem=505.6M) ---
